{time=1.1,label="one point one"}
{time=2.2,label="two point two"}
{time=3.3,label="three point three"}
{time=4.4,label="four point four"}
{time=5.5,label="five point five"}
{time=6.6,label="six point six"}
{time=7,label="seven point zero"}
{time=7.1,label="seven point one"}
{time=7.2,label="seven point two"}
{time=7.3,label="seven point three"}
{time=7.4,label="seven point four"}
{time=7.5,label="seven point five"}
{time=7.6,label="seven point six"}
{time=7.7,label="seven point seven"}
{time=7.8,label="seven point eight"}
{time=7.9,label="seven point nine"}
{time=8,label="eight point zero"}
{time=8.2,label="eight point two"}
{time=8.4,label="eight point four"}
{time=8.6,label="eight point six"}
{time=8.8,label="eight point eight"}
{time=9.9,label="nine point nine"}
{time=10,label="ten point zero"}
Punctuation received: WindowMarker
Punctuation received: WindowMarker
Punctuation received: FinalMarker
